#
# There is insufficient memory for the Java Runtime Environment to continue.
# Native memory allocation (malloc) failed to allocate 1192016 bytes for Chunk::new
# Possible reasons:
#   The system is out of physical RAM or swap space
#   The process is running with CompressedOops enabled, and the Java Heap may be blocking the growth of the native heap
# Possible solutions:
#   Reduce memory load on the system
#   Increase physical memory or swap space
#   Check if swap backing store is full
#   Decrease Java heap size (-Xmx/-Xms)
#   Decrease number of Java threads
#   Decrease Java thread stack sizes (-Xss)
#   Set larger code cache with -XX:ReservedCodeCacheSize=
#   JVM is running with Zero Based Compressed Oops mode in which the Java heap is
#     placed in the first 32GB address space. The Java Heap base address is the
#     maximum limit for the native heap growth. Please use -XX:HeapBaseMinAddress
#     to set the Java Heap base and to place the Java Heap above 32GB virtual address.
# This output file may be truncated or incomplete.
#
#  Out of Memory Error (c:/BuildAgent/work/5ff2f6c26000d570/src/hotspot/share/memory/arena.cpp:197), pid=28804, tid=20468
#
# JRE version: OpenJDK Runtime Environment (11.0.4+10) (build 11.0.4+10-b304.77)
# Java VM: OpenJDK 64-Bit Server VM (11.0.4+10-b304.77, mixed mode, sharing, tiered, compressed oops, g1 gc, windows-amd64)
# No core dump will be written. Minidumps are not enabled by default on client versions of Windows
#

---------------  S U M M A R Y ------------

Command Line: -javaagent:C:\Program Files\JetBrains\IntelliJ IDEA Community Edition 2019.2.4\lib\idea_rt.jar=64103:C:\Program Files\JetBrains\IntelliJ IDEA Community Edition 2019.2.4\bin -Dfile.encoding=UTF-8 com.ford.spring.cloud.config.server.CloudConfigServerApplication

Host: Intel(R) Core(TM) i5-10210U CPU @ 1.60GHz, 8 cores, 15G,  Windows 10 , 64 bit Build 19041 (10.0.19041.1202)
Time: Fri Nov  5 17:59:37 2021 India Standard Time elapsed time: 12 seconds (0d 0h 0m 12s)

---------------  T H R E A D  ---------------

Current thread (0x000001e1e249d800):  JavaThread "C2 CompilerThread0" daemon [_thread_in_native, id=20468, stack(0x000000d1b2e00000,0x000000d1b2f00000)]


Current CompileTask:
C2:  12848 3815       4       java.util.function.BiPredicate$$Lambda$86/0x00000008400f0040::test (14 bytes)

Stack: [0x000000d1b2e00000,0x000000d1b2f00000]
Native frames: (J=compiled Java code, j=interpreted, Vv=VM code, C=native code)
V  [jvm.dll+0x5db31a]
V  [jvm.dll+0x70c395]
V  [jvm.dll+0x70d8b8]
V  [jvm.dll+0x70df83]
V  [jvm.dll+0x23dbb8]
V  [jvm.dll+0xb91fc]
V  [jvm.dll+0xb96fc]
V  [jvm.dll+0x34f40d]
V  [jvm.dll+0x19456c]
V  [jvm.dll+0x1f793e]
V  [jvm.dll+0x1f6a04]
V  [jvm.dll+0x17fd7c]
V  [jvm.dll+0x204d17]
V  [jvm.dll+0x2035b2]
V  [jvm.dll+0x6d956f]
V  [jvm.dll+0x6d236d]
V  [jvm.dll+0x5da5e6]
C  [ucrtbase.dll+0x21bb2]
C  [KERNEL32.DLL+0x17034]
C  [ntdll.dll+0x52651]


---------------  P R O C E S S  ---------------

Threads class SMR info:
_java_thread_list=0x000001e1e2f12260, length=16, elements={
0x000001e1c1cc0800, 0x000001e1e1bf3000, 0x000001e1e1bf5000, 0x000001e1e2499800,
0x000001e1e249a800, 0x000001e1e249d800, 0x000001e1e24ac000, 0x000001e1e24bd800,
0x000001e1e2481000, 0x000001e1e29c9800, 0x000001e1e2729000, 0x000001e1e369a000,
0x000001e1e2d22000, 0x000001e1e4d7e000, 0x000001e1e4edd800, 0x000001e1e2f11800
}

Java Threads: ( => current thread )
  0x000001e1c1cc0800 JavaThread "main" [_thread_in_vm, id=29336, stack(0x000000d1b2300000,0x000000d1b2400000)]
  0x000001e1e1bf3000 JavaThread "Reference Handler" daemon [_thread_blocked, id=11528, stack(0x000000d1b2a00000,0x000000d1b2b00000)]
  0x000001e1e1bf5000 JavaThread "Finalizer" daemon [_thread_blocked, id=20428, stack(0x000000d1b2b00000,0x000000d1b2c00000)]
  0x000001e1e2499800 JavaThread "Signal Dispatcher" daemon [_thread_blocked, id=4300, stack(0x000000d1b2c00000,0x000000d1b2d00000)]
  0x000001e1e249a800 JavaThread "Attach Listener" daemon [_thread_blocked, id=21044, stack(0x000000d1b2d00000,0x000000d1b2e00000)]
=>0x000001e1e249d800 JavaThread "C2 CompilerThread0" daemon [_thread_in_native, id=20468, stack(0x000000d1b2e00000,0x000000d1b2f00000)]
  0x000001e1e24ac000 JavaThread "C1 CompilerThread0" daemon [_thread_blocked, id=29320, stack(0x000000d1b2f00000,0x000000d1b3000000)]
  0x000001e1e24bd800 JavaThread "Sweeper thread" daemon [_thread_blocked, id=19204, stack(0x000000d1b3000000,0x000000d1b3100000)]
  0x000001e1e2481000 JavaThread "Common-Cleaner" daemon [_thread_blocked, id=24368, stack(0x000000d1b3100000,0x000000d1b3200000)]
  0x000001e1e29c9800 JavaThread "Monitor Ctrl-Break" daemon [_thread_in_native, id=24376, stack(0x000000d1b3300000,0x000000d1b3400000)]
  0x000001e1e2729000 JavaThread "Service Thread" daemon [_thread_blocked, id=22324, stack(0x000000d1b3400000,0x000000d1b3500000)]
  0x000001e1e369a000 JavaThread "C2 CompilerThread1" daemon [_thread_in_native, id=24572, stack(0x000000d1b3200000,0x000000d1b3300000)]
  0x000001e1e2d22000 JavaThread "Catalina-utility-1" [_thread_blocked, id=12216, stack(0x000000d1b3600000,0x000000d1b3700000)]
  0x000001e1e4d7e000 JavaThread "Catalina-utility-2" [_thread_blocked, id=20396, stack(0x000000d1b3c00000,0x000000d1b3d00000)]
  0x000001e1e4edd800 JavaThread "container-0" [_thread_blocked, id=29772, stack(0x000000d1b3e00000,0x000000d1b3f00000)]
  0x000001e1e2f11800 JavaThread "C2 CompilerThread2" daemon [_thread_in_native, id=11720, stack(0x000000d1b3f00000,0x000000d1b4000000)]

Other Threads:
  0x000001e1e1bf0800 VMThread "VM Thread" [stack: 0x000000d1b2900000,0x000000d1b2a00000] [id=17412]
  0x000001e1e2729800 WatcherThread [stack: 0x000000d1b3500000,0x000000d1b3600000] [id=24268]
  0x000001e1c1cd9000 GCTaskThread "GC Thread#0" [stack: 0x000000d1b2400000,0x000000d1b2500000] [id=16504]
  0x000001e1e2ae3000 GCTaskThread "GC Thread#1" [stack: 0x000000d1b3700000,0x000000d1b3800000] [id=12268]
  0x000001e1e3308000 GCTaskThread "GC Thread#2" [stack: 0x000000d1b3800000,0x000000d1b3900000] [id=28884]
  0x000001e1e3309000 GCTaskThread "GC Thread#3" [stack: 0x000000d1b3900000,0x000000d1b3a00000] [id=22864]
  0x000001e1e2eb0800 GCTaskThread "GC Thread#4" [stack: 0x000000d1b3a00000,0x000000d1b3b00000] [id=10104]
  0x000001e1e2eb1800 GCTaskThread "GC Thread#5" [stack: 0x000000d1b3b00000,0x000000d1b3c00000] [id=24420]
  0x000001e1e5142000 GCTaskThread "GC Thread#6" [stack: 0x000000d1b4000000,0x000000d1b4100000] [id=29660]
  0x000001e1e3de7000 GCTaskThread "GC Thread#7" [stack: 0x000000d1b4100000,0x000000d1b4200000] [id=21312]
  0x000001e1c1d38800 ConcurrentGCThread "G1 Main Marker" [stack: 0x000000d1b2500000,0x000000d1b2600000] [id=7364]
  0x000001e1c1d3a800 ConcurrentGCThread "G1 Conc#0" [stack: 0x000000d1b2600000,0x000000d1b2700000] [id=26648]
  0x000001e1e41d1000 ConcurrentGCThread "G1 Conc#1" [stack: 0x000000d1b3d00000,0x000000d1b3e00000] [id=26916]
  0x000001e1e1b06000 ConcurrentGCThread "G1 Refine#0" [stack: 0x000000d1b2700000,0x000000d1b2800000] [id=16868]
  0x000001e1e1b07000 ConcurrentGCThread "G1 Young RemSet Sampling" [stack: 0x000000d1b2800000,0x000000d1b2900000] [id=2716]

Threads with active compile tasks:
C2 CompilerThread03815       4       java.util.function.BiPredicate$$Lambda$86/0x00000008400f0040::test (14 bytes)
C2 CompilerThread13817       4       org.springframework.boot.context.properties.source.SystemEnvironmentPropertyMapper$$Lambda$85/0x00000008400c4440::test (16 bytes)
C2 CompilerThread23871       4       org.springframework.core.annotation.AnnotationsScanner::isKnownEmpty (60 bytes)

VM state:not at safepoint (normal execution)

VM Mutex/Monitor currently owned by a thread: None

Heap address: 0x0000000702800000, size: 4056 MB, Compressed Oops mode: Zero based, Oop shift amount: 3
Narrow klass base: 0x0000000800000000, Narrow klass shift: 3
Compressed class space size: 1073741824 Address: 0x0000000840000000

Heap:
 garbage-first heap   total 260096K, used 22619K [0x0000000702800000, 0x0000000800000000)
  region size 1024K, 12 young (12288K), 7 survivors (7168K)
 Metaspace       used 35445K, capacity 36585K, committed 36784K, reserved 1085440K
  class space    used 4604K, capacity 5048K, committed 5120K, reserved 1048576K
Heap Regions: E=young(eden), S=young(survivor), O=old, HS=humongous(starts), HC=humongous(continues), CS=collection set, F=free, A=archive, TAMS=top-at-mark-start (previous, next)
|   0|0x0000000702800000, 0x0000000702900000, 0x0000000702900000|100%| O|  |TAMS 0x0000000702900000, 0x0000000702800000| Untracked 
|   1|0x0000000702900000, 0x0000000702a00000, 0x0000000702a00000|100%| O|  |TAMS 0x0000000702a00000, 0x0000000702900000| Untracked 
|   2|0x0000000702a00000, 0x0000000702b00000, 0x0000000702b00000|100%| O|  |TAMS 0x0000000702b00000, 0x0000000702a00000| Untracked 
|   3|0x0000000702b00000, 0x0000000702c00000, 0x0000000702c00000|100%| O|  |TAMS 0x0000000702c00000, 0x0000000702b00000| Untracked 
|   4|0x0000000702c00000, 0x0000000702d00000, 0x0000000702d00000|100%| O|  |TAMS 0x0000000702d00000, 0x0000000702c00000| Untracked 
|   5|0x0000000702d00000, 0x0000000702e00000, 0x0000000702e00000|100%| O|  |TAMS 0x0000000702e00000, 0x0000000702d00000| Untracked 
|   6|0x0000000702e00000, 0x0000000702f00000, 0x0000000702f00000|100%| O|  |TAMS 0x0000000702f00000, 0x0000000702e00000| Untracked 
|   7|0x0000000702f00000, 0x0000000703000000, 0x0000000703000000|100%| O|  |TAMS 0x0000000703000000, 0x0000000702f00000| Untracked 
|   8|0x0000000703000000, 0x0000000703100000, 0x0000000703100000|100%| O|  |TAMS 0x0000000703100000, 0x0000000703000000| Untracked 
|   9|0x0000000703100000, 0x0000000703200000, 0x0000000703200000|100%| O|  |TAMS 0x0000000703200000, 0x0000000703100000| Untracked 
|  10|0x0000000703200000, 0x0000000703300000, 0x0000000703300000|100%| O|  |TAMS 0x0000000703300000, 0x0000000703200000| Untracked 
|  11|0x0000000703300000, 0x000000070331ce00, 0x0000000703400000| 11%| O|  |TAMS 0x000000070331ce00, 0x0000000703300000| Untracked 
|  12|0x0000000703400000, 0x0000000703400000, 0x0000000703500000|  0%| F|  |TAMS 0x0000000703400000, 0x0000000703400000| Untracked 
|  13|0x0000000703500000, 0x0000000703500000, 0x0000000703600000|  0%| F|  |TAMS 0x0000000703500000, 0x0000000703500000| Untracked 
|  14|0x0000000703600000, 0x0000000703600000, 0x0000000703700000|  0%| F|  |TAMS 0x0000000703600000, 0x0000000703600000| Untracked 
|  15|0x0000000703700000, 0x0000000703700000, 0x0000000703800000|  0%| F|  |TAMS 0x0000000703700000, 0x0000000703700000| Untracked 
|  16|0x0000000703800000, 0x0000000703800000, 0x0000000703900000|  0%| F|  |TAMS 0x0000000703800000, 0x0000000703800000| Untracked 
|  17|0x0000000703900000, 0x0000000703900000, 0x0000000703a00000|  0%| F|  |TAMS 0x0000000703900000, 0x0000000703900000| Untracked 
|  18|0x0000000703a00000, 0x0000000703a00000, 0x0000000703b00000|  0%| F|  |TAMS 0x0000000703a00000, 0x0000000703a00000| Untracked 
|  19|0x0000000703b00000, 0x0000000703b00000, 0x0000000703c00000|  0%| F|  |TAMS 0x0000000703b00000, 0x0000000703b00000| Untracked 
|  20|0x0000000703c00000, 0x0000000703c00000, 0x0000000703d00000|  0%| F|  |TAMS 0x0000000703c00000, 0x0000000703c00000| Untracked 
|  21|0x0000000703d00000, 0x0000000703d00000, 0x0000000703e00000|  0%| F|  |TAMS 0x0000000703d00000, 0x0000000703d00000| Untracked 
|  22|0x0000000703e00000, 0x0000000703e00000, 0x0000000703f00000|  0%| F|  |TAMS 0x0000000703e00000, 0x0000000703e00000| Untracked 
|  23|0x0000000703f00000, 0x0000000703f00000, 0x0000000704000000|  0%| F|  |TAMS 0x0000000703f00000, 0x0000000703f00000| Untracked 
|  24|0x0000000704000000, 0x0000000704000000, 0x0000000704100000|  0%| F|  |TAMS 0x0000000704000000, 0x0000000704000000| Untracked 
|  25|0x0000000704100000, 0x0000000704100000, 0x0000000704200000|  0%| F|  |TAMS 0x0000000704100000, 0x0000000704100000| Untracked 
|  26|0x0000000704200000, 0x0000000704200000, 0x0000000704300000|  0%| F|  |TAMS 0x0000000704200000, 0x0000000704200000| Untracked 
|  27|0x0000000704300000, 0x0000000704300000, 0x0000000704400000|  0%| F|  |TAMS 0x0000000704300000, 0x0000000704300000| Untracked 
|  28|0x0000000704400000, 0x0000000704400000, 0x0000000704500000|  0%| F|  |TAMS 0x0000000704400000, 0x0000000704400000| Untracked 
|  29|0x0000000704500000, 0x0000000704500000, 0x0000000704600000|  0%| F|  |TAMS 0x0000000704500000, 0x0000000704500000| Untracked 
|  30|0x0000000704600000, 0x0000000704600000, 0x0000000704700000|  0%| F|  |TAMS 0x0000000704600000, 0x0000000704600000| Untracked 
|  31|0x0000000704700000, 0x0000000704700000, 0x0000000704800000|  0%| F|  |TAMS 0x0000000704700000, 0x0000000704700000| Untracked 
|  32|0x0000000704800000, 0x0000000704800000, 0x0000000704900000|  0%| F|  |TAMS 0x0000000704800000, 0x0000000704800000| Untracked 
|  33|0x0000000704900000, 0x0000000704900000, 0x0000000704a00000|  0%| F|  |TAMS 0x0000000704900000, 0x0000000704900000| Untracked 
|  34|0x0000000704a00000, 0x0000000704a00000, 0x0000000704b00000|  0%| F|  |TAMS 0x0000000704a00000, 0x0000000704a00000| Untracked 
|  35|0x0000000704b00000, 0x0000000704b00000, 0x0000000704c00000|  0%| F|  |TAMS 0x0000000704b00000, 0x0000000704b00000| Untracked 
|  36|0x0000000704c00000, 0x0000000704c00000, 0x0000000704d00000|  0%| F|  |TAMS 0x0000000704c00000, 0x0000000704c00000| Untracked 
|  37|0x0000000704d00000, 0x0000000704d00000, 0x0000000704e00000|  0%| F|  |TAMS 0x0000000704d00000, 0x0000000704d00000| Untracked 
|  38|0x0000000704e00000, 0x0000000704e00000, 0x0000000704f00000|  0%| F|  |TAMS 0x0000000704e00000, 0x0000000704e00000| Untracked 
|  39|0x0000000704f00000, 0x0000000704f00000, 0x0000000705000000|  0%| F|  |TAMS 0x0000000704f00000, 0x0000000704f00000| Untracked 
|  40|0x0000000705000000, 0x0000000705000000, 0x0000000705100000|  0%| F|  |TAMS 0x0000000705000000, 0x0000000705000000| Untracked 
|  41|0x0000000705100000, 0x0000000705100000, 0x0000000705200000|  0%| F|  |TAMS 0x0000000705100000, 0x0000000705100000| Untracked 
|  42|0x0000000705200000, 0x0000000705200000, 0x0000000705300000|  0%| F|  |TAMS 0x0000000705200000, 0x0000000705200000| Untracked 
|  43|0x0000000705300000, 0x0000000705300000, 0x0000000705400000|  0%| F|  |TAMS 0x0000000705300000, 0x0000000705300000| Untracked 
|  44|0x0000000705400000, 0x0000000705400000, 0x0000000705500000|  0%| F|  |TAMS 0x0000000705400000, 0x0000000705400000| Untracked 
|  45|0x0000000705500000, 0x0000000705500000, 0x0000000705600000|  0%| F|  |TAMS 0x0000000705500000, 0x0000000705500000| Untracked 
|  46|0x0000000705600000, 0x0000000705600000, 0x0000000705700000|  0%| F|  |TAMS 0x0000000705600000, 0x0000000705600000| Untracked 
|  47|0x0000000705700000, 0x0000000705700000, 0x0000000705800000|  0%| F|  |TAMS 0x0000000705700000, 0x0000000705700000| Untracked 
|  48|0x0000000705800000, 0x0000000705800000, 0x0000000705900000|  0%| F|  |TAMS 0x0000000705800000, 0x0000000705800000| Untracked 
|  49|0x0000000705900000, 0x0000000705900000, 0x0000000705a00000|  0%| F|  |TAMS 0x0000000705900000, 0x0000000705900000| Untracked 
|  50|0x0000000705a00000, 0x0000000705a00000, 0x0000000705b00000|  0%| F|  |TAMS 0x0000000705a00000, 0x0000000705a00000| Untracked 
|  51|0x0000000705b00000, 0x0000000705b00000, 0x0000000705c00000|  0%| F|  |TAMS 0x0000000705b00000, 0x0000000705b00000| Untracked 
|  52|0x0000000705c00000, 0x0000000705c00000, 0x0000000705d00000|  0%| F|  |TAMS 0x0000000705c00000, 0x0000000705c00000| Untracked 
|  53|0x0000000705d00000, 0x0000000705d00000, 0x0000000705e00000|  0%| F|  |TAMS 0x0000000705d00000, 0x0000000705d00000| Untracked 
|  54|0x0000000705e00000, 0x0000000705e00000, 0x0000000705f00000|  0%| F|  |TAMS 0x0000000705e00000, 0x0000000705e00000| Untracked 
|  55|0x0000000705f00000, 0x0000000705f00000, 0x0000000706000000|  0%| F|  |TAMS 0x0000000705f00000, 0x0000000705f00000| Untracked 
|  56|0x0000000706000000, 0x0000000706000000, 0x0000000706100000|  0%| F|  |TAMS 0x0000000706000000, 0x0000000706000000| Untracked 
|  57|0x0000000706100000, 0x0000000706100000, 0x0000000706200000|  0%| F|  |TAMS 0x0000000706100000, 0x0000000706100000| Untracked 
|  58|0x0000000706200000, 0x0000000706200000, 0x0000000706300000|  0%| F|  |TAMS 0x0000000706200000, 0x0000000706200000| Untracked 
|  59|0x0000000706300000, 0x0000000706300000, 0x0000000706400000|  0%| F|  |TAMS 0x0000000706300000, 0x0000000706300000| Untracked 
|  60|0x0000000706400000, 0x0000000706400000, 0x0000000706500000|  0%| F|  |TAMS 0x0000000706400000, 0x0000000706400000| Untracked 
|  61|0x0000000706500000, 0x0000000706500000, 0x0000000706600000|  0%| F|  |TAMS 0x0000000706500000, 0x0000000706500000| Untracked 
|  62|0x0000000706600000, 0x0000000706600000, 0x0000000706700000|  0%| F|  |TAMS 0x0000000706600000, 0x0000000706600000| Untracked 
|  63|0x0000000706700000, 0x0000000706700000, 0x0000000706800000|  0%| F|  |TAMS 0x0000000706700000, 0x0000000706700000| Untracked 
|  64|0x0000000706800000, 0x0000000706800000, 0x0000000706900000|  0%| F|  |TAMS 0x0000000706800000, 0x0000000706800000| Untracked 
|  65|0x0000000706900000, 0x0000000706900000, 0x0000000706a00000|  0%| F|  |TAMS 0x0000000706900000, 0x0000000706900000| Untracked 
|  66|0x0000000706a00000, 0x0000000706a00000, 0x0000000706b00000|  0%| F|  |TAMS 0x0000000706a00000, 0x0000000706a00000| Untracked 
|  67|0x0000000706b00000, 0x0000000706b00000, 0x0000000706c00000|  0%| F|  |TAMS 0x0000000706b00000, 0x0000000706b00000| Untracked 
|  68|0x0000000706c00000, 0x0000000706c00000, 0x0000000706d00000|  0%| F|  |TAMS 0x0000000706c00000, 0x0000000706c00000| Untracked 
|  69|0x0000000706d00000, 0x0000000706d00000, 0x0000000706e00000|  0%| F|  |TAMS 0x0000000706d00000, 0x0000000706d00000| Untracked 
|  70|0x0000000706e00000, 0x0000000706e00000, 0x0000000706f00000|  0%| F|  |TAMS 0x0000000706e00000, 0x0000000706e00000| Untracked 
|  71|0x0000000706f00000, 0x0000000706f00000, 0x0000000707000000|  0%| F|  |TAMS 0x0000000706f00000, 0x0000000706f00000| Untracked 
|  72|0x0000000707000000, 0x0000000707000000, 0x0000000707100000|  0%| F|  |TAMS 0x0000000707000000, 0x0000000707000000| Untracked 
|  73|0x0000000707100000, 0x0000000707100000, 0x0000000707200000|  0%| F|  |TAMS 0x0000000707100000, 0x0000000707100000| Untracked 
|  74|0x0000000707200000, 0x0000000707200000, 0x0000000707300000|  0%| F|  |TAMS 0x0000000707200000, 0x0000000707200000| Untracked 
|  75|0x0000000707300000, 0x0000000707300000, 0x0000000707400000|  0%| F|  |TAMS 0x0000000707300000, 0x0000000707300000| Untracked 
|  76|0x0000000707400000, 0x0000000707400000, 0x0000000707500000|  0%| F|  |TAMS 0x0000000707400000, 0x0000000707400000| Untracked 
|  77|0x0000000707500000, 0x0000000707500000, 0x0000000707600000|  0%| F|  |TAMS 0x0000000707500000, 0x0000000707500000| Untracked 
|  78|0x0000000707600000, 0x0000000707600000, 0x0000000707700000|  0%| F|  |TAMS 0x0000000707600000, 0x0000000707600000| Untracked 
|  79|0x0000000707700000, 0x0000000707700000, 0x0000000707800000|  0%| F|  |TAMS 0x0000000707700000, 0x0000000707700000| Untracked 
|  80|0x0000000707800000, 0x0000000707800000, 0x0000000707900000|  0%| F|  |TAMS 0x0000000707800000, 0x0000000707800000| Untracked 
|  81|0x0000000707900000, 0x0000000707900000, 0x0000000707a00000|  0%| F|  |TAMS 0x0000000707900000, 0x0000000707900000| Untracked 
|  82|0x0000000707a00000, 0x0000000707a00000, 0x0000000707b00000|  0%| F|  |TAMS 0x0000000707a00000, 0x0000000707a00000| Untracked 
|  83|0x0000000707b00000, 0x0000000707b00000, 0x0000000707c00000|  0%| F|  |TAMS 0x0000000707b00000, 0x0000000707b00000| Untracked 
|  84|0x0000000707c00000, 0x0000000707c00000, 0x0000000707d00000|  0%| F|  |TAMS 0x0000000707c00000, 0x0000000707c00000| Untracked 
|  85|0x0000000707d00000, 0x0000000707d00000, 0x0000000707e00000|  0%| F|  |TAMS 0x0000000707d00000, 0x0000000707d00000| Untracked 
|  86|0x0000000707e00000, 0x0000000707e00000, 0x0000000707f00000|  0%| F|  |TAMS 0x0000000707e00000, 0x0000000707e00000| Untracked 
|  87|0x0000000707f00000, 0x0000000707f00000, 0x0000000708000000|  0%| F|  |TAMS 0x0000000707f00000, 0x0000000707f00000| Untracked 
|  88|0x0000000708000000, 0x0000000708000000, 0x0000000708100000|  0%| F|  |TAMS 0x0000000708000000, 0x0000000708000000| Untracked 
|  89|0x0000000708100000, 0x0000000708100000, 0x0000000708200000|  0%| F|  |TAMS 0x0000000708100000, 0x0000000708100000| Untracked 
|  90|0x0000000708200000, 0x0000000708200000, 0x0000000708300000|  0%| F|  |TAMS 0x0000000708200000, 0x0000000708200000| Untracked 
|  91|0x0000000708300000, 0x0000000708300000, 0x0000000708400000|  0%| F|  |TAMS 0x0000000708300000, 0x0000000708300000| Untracked 
|  92|0x0000000708400000, 0x0000000708400000, 0x0000000708500000|  0%| F|  |TAMS 0x0000000708400000, 0x0000000708400000| Untracked 
|  93|0x0000000708500000, 0x0000000708500000, 0x0000000708600000|  0%| F|  |TAMS 0x0000000708500000, 0x0000000708500000| Untracked 
|  94|0x0000000708600000, 0x0000000708600000, 0x0000000708700000|  0%| F|  |TAMS 0x0000000708600000, 0x0000000708600000| Untracked 
|  95|0x0000000708700000, 0x0000000708700000, 0x0000000708800000|  0%| F|  |TAMS 0x0000000708700000, 0x0000000708700000| Untracked 
|  96|0x0000000708800000, 0x0000000708800000, 0x0000000708900000|  0%| F|  |TAMS 0x0000000708800000, 0x0000000708800000| Untracked 
|  97|0x0000000708900000, 0x0000000708900000, 0x0000000708a00000|  0%| F|  |TAMS 0x0000000708900000, 0x0000000708900000| Untracked 
|  98|0x0000000708a00000, 0x0000000708a00000, 0x0000000708b00000|  0%| F|  |TAMS 0x0000000708a00000, 0x0000000708a00000| Untracked 
|  99|0x0000000708b00000, 0x0000000708b00000, 0x0000000708c00000|  0%| F|  |TAMS 0x0000000708b00000, 0x0000000708b00000| Untracked 
| 100|0x0000000708c00000, 0x0000000708c00000, 0x0000000708d00000|  0%| F|  |TAMS 0x0000000708c00000, 0x0000000708c00000| Untracked 
| 101|0x0000000708d00000, 0x0000000708d00000, 0x0000000708e00000|  0%| F|  |TAMS 0x0000000708d00000, 0x0000000708d00000| Untracked 
| 102|0x0000000708e00000, 0x0000000708e00000, 0x0000000708f00000|  0%| F|  |TAMS 0x0000000708e00000, 0x0000000708e00000| Untracked 
| 103|0x0000000708f00000, 0x0000000708f00000, 0x0000000709000000|  0%| F|  |TAMS 0x0000000708f00000, 0x0000000708f00000| Untracked 
| 104|0x0000000709000000, 0x0000000709000000, 0x0000000709100000|  0%| F|  |TAMS 0x0000000709000000, 0x0000000709000000| Untracked 
| 105|0x0000000709100000, 0x0000000709100000, 0x0000000709200000|  0%| F|  |TAMS 0x0000000709100000, 0x0000000709100000| Untracked 
| 106|0x0000000709200000, 0x0000000709200000, 0x0000000709300000|  0%| F|  |TAMS 0x0000000709200000, 0x0000000709200000| Untracked 
| 107|0x0000000709300000, 0x0000000709300000, 0x0000000709400000|  0%| F|  |TAMS 0x0000000709300000, 0x0000000709300000| Untracked 
| 108|0x0000000709400000, 0x0000000709400000, 0x0000000709500000|  0%| F|  |TAMS 0x0000000709400000, 0x0000000709400000| Untracked 
| 109|0x0000000709500000, 0x0000000709500000, 0x0000000709600000|  0%| F|  |TAMS 0x0000000709500000, 0x0000000709500000| Untracked 
| 110|0x0000000709600000, 0x0000000709600000, 0x0000000709700000|  0%| F|  |TAMS 0x0000000709600000, 0x0000000709600000| Untracked 
| 111|0x0000000709700000, 0x0000000709700000, 0x0000000709800000|  0%| F|  |TAMS 0x0000000709700000, 0x0000000709700000| Untracked 
| 112|0x0000000709800000, 0x0000000709800000, 0x0000000709900000|  0%| F|  |TAMS 0x0000000709800000, 0x0000000709800000| Untracked 
| 113|0x0000000709900000, 0x0000000709900000, 0x0000000709a00000|  0%| F|  |TAMS 0x0000000709900000, 0x0000000709900000| Untracked 
| 114|0x0000000709a00000, 0x0000000709a00000, 0x0000000709b00000|  0%| F|  |TAMS 0x0000000709a00000, 0x0000000709a00000| Untracked 
| 115|0x0000000709b00000, 0x0000000709b00000, 0x0000000709c00000|  0%| F|  |TAMS 0x0000000709b00000, 0x0000000709b00000| Untracked 
| 116|0x0000000709c00000, 0x0000000709c00000, 0x0000000709d00000|  0%| F|  |TAMS 0x0000000709c00000, 0x0000000709c00000| Untracked 
| 117|0x0000000709d00000, 0x0000000709d00000, 0x0000000709e00000|  0%| F|  |TAMS 0x0000000709d00000, 0x0000000709d00000| Untracked 
| 118|0x0000000709e00000, 0x0000000709e00000, 0x0000000709f00000|  0%| F|  |TAMS 0x0000000709e00000, 0x0000000709e00000| Untracked 
| 119|0x0000000709f00000, 0x0000000709f00000, 0x000000070a000000|  0%| F|  |TAMS 0x0000000709f00000, 0x0000000709f00000| Untracked 
| 120|0x000000070a000000, 0x000000070a000000, 0x000000070a100000|  0%| F|  |TAMS 0x000000070a000000, 0x000000070a000000| Untracked 
| 121|0x000000070a100000, 0x000000070a100000, 0x000000070a200000|  0%| F|  |TAMS 0x000000070a100000, 0x000000070a100000| Untracked 
| 122|0x000000070a200000, 0x000000070a200000, 0x000000070a300000|  0%| F|  |TAMS 0x000000070a200000, 0x000000070a200000| Untracked 
| 123|0x000000070a300000, 0x000000070a300000, 0x000000070a400000|  0%| F|  |TAMS 0x000000070a300000, 0x000000070a300000| Untracked 
| 124|0x000000070a400000, 0x000000070a400000, 0x000000070a500000|  0%| F|  |TAMS 0x000000070a400000, 0x000000070a400000| Untracked 
| 125|0x000000070a500000, 0x000000070a500000, 0x000000070a600000|  0%| F|  |TAMS 0x000000070a500000, 0x000000070a500000| Untracked 
| 126|0x000000070a600000, 0x000000070a600000, 0x000000070a700000|  0%| F|  |TAMS 0x000000070a600000, 0x000000070a600000| Untracked 
| 127|0x000000070a700000, 0x000000070a700000, 0x000000070a800000|  0%| F|  |TAMS 0x000000070a700000, 0x000000070a700000| Untracked 
| 128|0x000000070a800000, 0x000000070a800000, 0x000000070a900000|  0%| F|  |TAMS 0x000000070a800000, 0x000000070a800000| Untracked 
| 129|0x000000070a900000, 0x000000070a900000, 0x000000070aa00000|  0%| F|  |TAMS 0x000000070a900000, 0x000000070a900000| Untracked 
| 130|0x000000070aa00000, 0x000000070aa00000, 0x000000070ab00000|  0%| F|  |TAMS 0x000000070aa00000, 0x000000070aa00000| Untracked 
| 131|0x000000070ab00000, 0x000000070ab00000, 0x000000070ac00000|  0%| F|  |TAMS 0x000000070ab00000, 0x000000070ab00000| Untracked 
| 132|0x000000070ac00000, 0x000000070ac00000, 0x000000070ad00000|  0%| F|  |TAMS 0x000000070ac00000, 0x000000070ac00000| Untracked 
| 133|0x000000070ad00000, 0x000000070ad00000, 0x000000070ae00000|  0%| F|  |TAMS 0x000000070ad00000, 0x000000070ad00000| Untracked 
| 134|0x000000070ae00000, 0x000000070ae00000, 0x000000070af00000|  0%| F|  |TAMS 0x000000070ae00000, 0x000000070ae00000| Untracked 
| 135|0x000000070af00000, 0x000000070af00000, 0x000000070b000000|  0%| F|  |TAMS 0x000000070af00000, 0x000000070af00000| Untracked 
| 136|0x000000070b000000, 0x000000070b000000, 0x000000070b100000|  0%| F|  |TAMS 0x000000070b000000, 0x000000070b000000| Untracked 
| 137|0x000000070b100000, 0x000000070b100000, 0x000000070b200000|  0%| F|  |TAMS 0x000000070b100000, 0x000000070b100000| Untracked 
| 138|0x000000070b200000, 0x000000070b200000, 0x000000070b300000|  0%| F|  |TAMS 0x000000070b200000, 0x000000070b200000| Untracked 
| 139|0x000000070b300000, 0x000000070b300000, 0x000000070b400000|  0%| F|  |TAMS 0x000000070b300000, 0x000000070b300000| Untracked 
| 140|0x000000070b400000, 0x000000070b400000, 0x000000070b500000|  0%| F|  |TAMS 0x000000070b400000, 0x000000070b400000| Untracked 
| 141|0x000000070b500000, 0x000000070b500000, 0x000000070b600000|  0%| F|  |TAMS 0x000000070b500000, 0x000000070b500000| Untracked 
| 142|0x000000070b600000, 0x000000070b600000, 0x000000070b700000|  0%| F|  |TAMS 0x000000070b600000, 0x000000070b600000| Untracked 
| 143|0x000000070b700000, 0x000000070b700000, 0x000000070b800000|  0%| F|  |TAMS 0x000000070b700000, 0x000000070b700000| Untracked 
| 144|0x000000070b800000, 0x000000070b800000, 0x000000070b900000|  0%| F|  |TAMS 0x000000070b800000, 0x000000070b800000| Untracked 
| 145|0x000000070b900000, 0x000000070b900000, 0x000000070ba00000|  0%| F|  |TAMS 0x000000070b900000, 0x000000070b900000| Untracked 
| 146|0x000000070ba00000, 0x000000070ba00000, 0x000000070bb00000|  0%| F|  |TAMS 0x000000070ba00000, 0x000000070ba00000| Untracked 
| 147|0x000000070bb00000, 0x000000070bb00000, 0x000000070bc00000|  0%| F|  |TAMS 0x000000070bb00000, 0x000000070bb00000| Untracked 
| 148|0x000000070bc00000, 0x000000070bc00000, 0x000000070bd00000|  0%| F|  |TAMS 0x000000070bc00000, 0x000000070bc00000| Untracked 
| 149|0x000000070bd00000, 0x000000070bd00000, 0x000000070be00000|  0%| F|  |TAMS 0x000000070bd00000, 0x000000070bd00000| Untracked 
| 150|0x000000070be00000, 0x000000070be00000, 0x000000070bf00000|  0%| F|  |TAMS 0x000000070be00000, 0x000000070be00000| Untracked 
| 151|0x000000070bf00000, 0x000000070bf00000, 0x000000070c000000|  0%| F|  |TAMS 0x000000070bf00000, 0x000000070bf00000| Untracked 
| 152|0x000000070c000000, 0x000000070c000000, 0x000000070c100000|  0%| F|  |TAMS 0x000000070c000000, 0x000000070c000000| Untracked 
| 153|0x000000070c100000, 0x000000070c100000, 0x000000070c200000|  0%| F|  |TAMS 0x000000070c100000, 0x000000070c100000| Untracked 
| 154|0x000000070c200000, 0x000000070c200000, 0x000000070c300000|  0%| F|  |TAMS 0x000000070c200000, 0x000000070c200000| Untracked 
| 155|0x000000070c300000, 0x000000070c300000, 0x000000070c400000|  0%| F|  |TAMS 0x000000070c300000, 0x000000070c300000| Untracked 
| 156|0x000000070c400000, 0x000000070c400000, 0x000000070c500000|  0%| F|  |TAMS 0x000000070c400000, 0x000000070c400000| Untracked 
| 157|0x000000070c500000, 0x000000070c500000, 0x000000070c600000|  0%| F|  |TAMS 0x000000070c500000, 0x000000070c500000| Untracked 
| 158|0x000000070c600000, 0x000000070c600000, 0x000000070c700000|  0%| F|  |TAMS 0x000000070c600000, 0x000000070c600000| Untracked 
| 159|0x000000070c700000, 0x000000070c700000, 0x000000070c800000|  0%| F|  |TAMS 0x000000070c700000, 0x000000070c700000| Untracked 
| 160|0x000000070c800000, 0x000000070c800000, 0x000000070c900000|  0%| F|  |TAMS 0x000000070c800000, 0x000000070c800000| Untracked 
| 161|0x000000070c900000, 0x000000070c900000, 0x000000070ca00000|  0%| F|  |TAMS 0x000000070c900000, 0x000000070c900000| Untracked 
| 162|0x000000070ca00000, 0x000000070ca00000, 0x000000070cb00000|  0%| F|  |TAMS 0x000000070ca00000, 0x000000070ca00000| Untracked 
| 163|0x000000070cb00000, 0x000000070cb00000, 0x000000070cc00000|  0%| F|  |TAMS 0x000000070cb00000, 0x000000070cb00000| Untracked 
| 164|0x000000070cc00000, 0x000000070cc00000, 0x000000070cd00000|  0%| F|  |TAMS 0x000000070cc00000, 0x000000070cc00000| Untracked 
| 165|0x000000070cd00000, 0x000000070cd00000, 0x000000070ce00000|  0%| F|  |TAMS 0x000000070cd00000, 0x000000070cd00000| Untracked 
| 166|0x000000070ce00000, 0x000000070ce00000, 0x000000070cf00000|  0%| F|  |TAMS 0x000000070ce00000, 0x000000070ce00000| Untracked 
| 167|0x000000070cf00000, 0x000000070cf00000, 0x000000070d000000|  0%| F|  |TAMS 0x000000070cf00000, 0x000000070cf00000| Untracked 
| 168|0x000000070d000000, 0x000000070d000000, 0x000000070d100000|  0%| F|  |TAMS 0x000000070d000000, 0x000000070d000000| Untracked 
| 169|0x000000070d100000, 0x000000070d100000, 0x000000070d200000|  0%| F|  |TAMS 0x000000070d100000, 0x000000070d100000| Untracked 
| 170|0x000000070d200000, 0x000000070d200000, 0x000000070d300000|  0%| F|  |TAMS 0x000000070d200000, 0x000000070d200000| Untracked 
| 171|0x000000070d300000, 0x000000070d300000, 0x000000070d400000|  0%| F|  |TAMS 0x000000070d300000, 0x000000070d300000| Untracked 
| 172|0x000000070d400000, 0x000000070d400000, 0x000000070d500000|  0%| F|  |TAMS 0x000000070d400000, 0x000000070d400000| Untracked 
| 173|0x000000070d500000, 0x000000070d500000, 0x000000070d600000|  0%| F|  |TAMS 0x000000070d500000, 0x000000070d500000| Untracked 
| 174|0x000000070d600000, 0x000000070d600000, 0x000000070d700000|  0%| F|  |TAMS 0x000000070d600000, 0x000000070d600000| Untracked 
| 175|0x000000070d700000, 0x000000070d700000, 0x000000070d800000|  0%| F|  |TAMS 0x000000070d700000, 0x000000070d700000| Untracked 
| 176|0x000000070d800000, 0x000000070d800000, 0x000000070d900000|  0%| F|  |TAMS 0x000000070d800000, 0x000000070d800000| Untracked 
| 177|0x000000070d900000, 0x000000070d900000, 0x000000070da00000|  0%| F|  |TAMS 0x000000070d900000, 0x000000070d900000| Untracked 
| 178|0x000000070da00000, 0x000000070da00000, 0x000000070db00000|  0%| F|  |TAMS 0x000000070da00000, 0x000000070da00000| Untracked 
| 179|0x000000070db00000, 0x000000070db00000, 0x000000070dc00000|  0%| F|  |TAMS 0x000000070db00000, 0x000000070db00000| Untracked 
| 180|0x000000070dc00000, 0x000000070dc00000, 0x000000070dd00000|  0%| F|  |TAMS 0x000000070dc00000, 0x000000070dc00000| Untracked 
| 181|0x000000070dd00000, 0x000000070dd00000, 0x000000070de00000|  0%| F|  |TAMS 0x000000070dd00000, 0x000000070dd00000| Untracked 
| 182|0x000000070de00000, 0x000000070de00000, 0x000000070df00000|  0%| F|  |TAMS 0x000000070de00000, 0x000000070de00000| Untracked 
| 183|0x000000070df00000, 0x000000070df00000, 0x000000070e000000|  0%| F|  |TAMS 0x000000070df00000, 0x000000070df00000| Untracked 
| 184|0x000000070e000000, 0x000000070e000000, 0x000000070e100000|  0%| F|  |TAMS 0x000000070e000000, 0x000000070e000000| Untracked 
| 185|0x000000070e100000, 0x000000070e100000, 0x000000070e200000|  0%| F|  |TAMS 0x000000070e100000, 0x000000070e100000| Untracked 
| 186|0x000000070e200000, 0x000000070e200000, 0x000000070e300000|  0%| F|  |TAMS 0x000000070e200000, 0x000000070e200000| Untracked 
| 187|0x000000070e300000, 0x000000070e300000, 0x000000070e400000|  0%| F|  |TAMS 0x000000070e300000, 0x000000070e300000| Untracked 
| 188|0x000000070e400000, 0x000000070e400000, 0x000000070e500000|  0%| F|  |TAMS 0x000000070e400000, 0x000000070e400000| Untracked 
| 189|0x000000070e500000, 0x000000070e500000, 0x000000070e600000|  0%| F|  |TAMS 0x000000070e500000, 0x000000070e500000| Untracked 
| 190|0x000000070e600000, 0x000000070e600000, 0x000000070e700000|  0%| F|  |TAMS 0x000000070e600000, 0x000000070e600000| Untracked 
| 191|0x000000070e700000, 0x000000070e700000, 0x000000070e800000|  0%| F|  |TAMS 0x000000070e700000, 0x000000070e700000| Untracked 
| 192|0x000000070e800000, 0x000000070e800000, 0x000000070e900000|  0%| F|  |TAMS 0x000000070e800000, 0x000000070e800000| Untracked 
| 193|0x000000070e900000, 0x000000070e900000, 0x000000070ea00000|  0%| F|  |TAMS 0x000000070e900000, 0x000000070e900000| Untracked 
| 194|0x000000070ea00000, 0x000000070ea00000, 0x000000070eb00000|  0%| F|  |TAMS 0x000000070ea00000, 0x000000070ea00000| Untracked 
| 195|0x000000070eb00000, 0x000000070eb00000, 0x000000070ec00000|  0%| F|  |TAMS 0x000000070eb00000, 0x000000070eb00000| Untracked 
| 196|0x000000070ec00000, 0x000000070ec00000, 0x000000070ed00000|  0%| F|  |TAMS 0x000000070ec00000, 0x000000070ec00000| Untracked 
| 197|0x000000070ed00000, 0x000000070ed00000, 0x000000070ee00000|  0%| F|  |TAMS 0x000000070ed00000, 0x000000070ed00000| Untracked 
| 198|0x000000070ee00000, 0x000000070ee00000, 0x000000070ef00000|  0%| F|  |TAMS 0x000000070ee00000, 0x000000070ee00000| Untracked 
| 199|0x000000070ef00000, 0x000000070ef00000, 0x000000070f000000|  0%| F|  |TAMS 0x000000070ef00000, 0x000000070ef00000| Untracked 
| 200|0x000000070f000000, 0x000000070f000000, 0x000000070f100000|  0%| F|  |TAMS 0x000000070f000000, 0x000000070f000000| Untracked 
| 201|0x000000070f100000, 0x000000070f100000, 0x000000070f200000|  0%| F|  |TAMS 0x000000070f100000, 0x000000070f100000| Untracked 
| 202|0x000000070f200000, 0x000000070f200000, 0x000000070f300000|  0%| F|  |TAMS 0x000000070f200000, 0x000000070f200000| Untracked 
| 203|0x000000070f300000, 0x000000070f300000, 0x000000070f400000|  0%| F|  |TAMS 0x000000070f300000, 0x000000070f300000| Untracked 
| 204|0x000000070f400000, 0x000000070f400000, 0x000000070f500000|  0%| F|  |TAMS 0x000000070f400000, 0x000000070f400000| Untracked 
| 205|0x000000070f500000, 0x000000070f500000, 0x000000070f600000|  0%| F|  |TAMS 0x000000070f500000, 0x000000070f500000| Untracked 
| 206|0x000000070f600000, 0x000000070f600000, 0x000000070f700000|  0%| F|  |TAMS 0x000000070f600000, 0x000000070f600000| Untracked 
| 207|0x000000070f700000, 0x000000070f700000, 0x000000070f800000|  0%| F|  |TAMS 0x000000070f700000, 0x000000070f700000| Untracked 
| 208|0x000000070f800000, 0x000000070f800000, 0x000000070f900000|  0%| F|  |TAMS 0x000000070f800000, 0x000000070f800000| Untracked 
| 209|0x000000070f900000, 0x000000070f900000, 0x000000070fa00000|  0%| F|  |TAMS 0x000000070f900000, 0x000000070f900000| Untracked 
| 210|0x000000070fa00000, 0x000000070fa00000, 0x000000070fb00000|  0%| F|  |TAMS 0x000000070fa00000, 0x000000070fa00000| Untracked 
| 211|0x000000070fb00000, 0x000000070fb00000, 0x000000070fc00000|  0%| F|  |TAMS 0x000000070fb00000, 0x000000070fb00000| Untracked 
| 212|0x000000070fc00000, 0x000000070fc00000, 0x000000070fd00000|  0%| F|  |TAMS 0x000000070fc00000, 0x000000070fc00000| Untracked 
| 213|0x000000070fd00000, 0x000000070fdf9f18, 0x000000070fe00000| 97%| S|CS|TAMS 0x000000070fd00000, 0x000000070fd00000| Complete 
| 214|0x000000070fe00000, 0x000000070ff00000, 0x000000070ff00000|100%| S|CS|TAMS 0x000000070fe00000, 0x000000070fe00000| Complete 
| 215|0x000000070ff00000, 0x0000000710000000, 0x0000000710000000|100%| S|CS|TAMS 0x000000070ff00000, 0x000000070ff00000| Complete 
| 216|0x0000000710000000, 0x0000000710100000, 0x0000000710100000|100%| S|CS|TAMS 0x0000000710000000, 0x0000000710000000| Complete 
| 217|0x0000000710100000, 0x0000000710200000, 0x0000000710200000|100%| S|CS|TAMS 0x0000000710100000, 0x0000000710100000| Complete 
| 218|0x0000000710200000, 0x0000000710300000, 0x0000000710300000|100%| S|CS|TAMS 0x0000000710200000, 0x0000000710200000| Complete 
| 219|0x0000000710300000, 0x0000000710400000, 0x0000000710400000|100%| S|CS|TAMS 0x0000000710300000, 0x0000000710300000| Complete 
| 220|0x0000000710400000, 0x0000000710400000, 0x0000000710500000|  0%| F|  |TAMS 0x0000000710400000, 0x0000000710400000| Untracked 
| 221|0x0000000710500000, 0x0000000710500000, 0x0000000710600000|  0%| F|  |TAMS 0x0000000710500000, 0x0000000710500000| Untracked 
| 222|0x0000000710600000, 0x0000000710600000, 0x0000000710700000|  0%| F|  |TAMS 0x0000000710600000, 0x0000000710600000| Untracked 
| 223|0x0000000710700000, 0x0000000710700000, 0x0000000710800000|  0%| F|  |TAMS 0x0000000710700000, 0x0000000710700000| Untracked 
| 224|0x0000000710800000, 0x0000000710800000, 0x0000000710900000|  0%| F|  |TAMS 0x0000000710800000, 0x0000000710800000| Untracked 
| 225|0x0000000710900000, 0x0000000710900000, 0x0000000710a00000|  0%| F|  |TAMS 0x0000000710900000, 0x0000000710900000| Untracked 
| 226|0x0000000710a00000, 0x0000000710a00000, 0x0000000710b00000|  0%| F|  |TAMS 0x0000000710a00000, 0x0000000710a00000| Untracked 
| 227|0x0000000710b00000, 0x0000000710b00000, 0x0000000710c00000|  0%| F|  |TAMS 0x0000000710b00000, 0x0000000710b00000| Untracked 
| 228|0x0000000710c00000, 0x0000000710c00000, 0x0000000710d00000|  0%| F|  |TAMS 0x0000000710c00000, 0x0000000710c00000| Untracked 
| 229|0x0000000710d00000, 0x0000000710d00000, 0x0000000710e00000|  0%| F|  |TAMS 0x0000000710d00000, 0x0000000710d00000| Untracked 
| 230|0x0000000710e00000, 0x0000000710e00000, 0x0000000710f00000|  0%| F|  |TAMS 0x0000000710e00000, 0x0000000710e00000| Untracked 
| 231|0x0000000710f00000, 0x0000000710f00000, 0x0000000711000000|  0%| F|  |TAMS 0x0000000710f00000, 0x0000000710f00000| Untracked 
| 232|0x0000000711000000, 0x0000000711000000, 0x0000000711100000|  0%| F|  |TAMS 0x0000000711000000, 0x0000000711000000| Untracked 
| 233|0x0000000711100000, 0x0000000711100000, 0x0000000711200000|  0%| F|  |TAMS 0x0000000711100000, 0x0000000711100000| Untracked 
| 234|0x0000000711200000, 0x0000000711200000, 0x0000000711300000|  0%| F|  |TAMS 0x0000000711200000, 0x0000000711200000| Untracked 
| 235|0x0000000711300000, 0x0000000711300000, 0x0000000711400000|  0%| F|  |TAMS 0x0000000711300000, 0x0000000711300000| Untracked 
| 236|0x0000000711400000, 0x0000000711400000, 0x0000000711500000|  0%| F|  |TAMS 0x0000000711400000, 0x0000000711400000| Untracked 
| 237|0x0000000711500000, 0x0000000711500000, 0x0000000711600000|  0%| F|  |TAMS 0x0000000711500000, 0x0000000711500000| Untracked 
| 238|0x0000000711600000, 0x0000000711600000, 0x0000000711700000|  0%| F|  |TAMS 0x0000000711600000, 0x0000000711600000| Untracked 
| 239|0x0000000711700000, 0x0000000711700000, 0x0000000711800000|  0%| F|  |TAMS 0x0000000711700000, 0x0000000711700000| Untracked 
| 240|0x0000000711800000, 0x0000000711800000, 0x0000000711900000|  0%| F|  |TAMS 0x0000000711800000, 0x0000000711800000| Untracked 
| 241|0x0000000711900000, 0x0000000711900000, 0x0000000711a00000|  0%| F|  |TAMS 0x0000000711900000, 0x0000000711900000| Untracked 
| 242|0x0000000711a00000, 0x0000000711a00000, 0x0000000711b00000|  0%| F|  |TAMS 0x0000000711a00000, 0x0000000711a00000| Untracked 
| 243|0x0000000711b00000, 0x0000000711b00000, 0x0000000711c00000|  0%| F|  |TAMS 0x0000000711b00000, 0x0000000711b00000| Untracked 
| 244|0x0000000711c00000, 0x0000000711c00000, 0x0000000711d00000|  0%| F|  |TAMS 0x0000000711c00000, 0x0000000711c00000| Untracked 
| 245|0x0000000711d00000, 0x0000000711d00000, 0x0000000711e00000|  0%| F|  |TAMS 0x0000000711d00000, 0x0000000711d00000| Untracked 
| 246|0x0000000711e00000, 0x0000000711e00000, 0x0000000711f00000|  0%| F|  |TAMS 0x0000000711e00000, 0x0000000711e00000| Untracked 
| 247|0x0000000711f00000, 0x0000000711f862e0, 0x0000000712000000| 52%| E|  |TAMS 0x0000000711f00000, 0x0000000711f00000| Complete 
| 248|0x0000000712000000, 0x0000000712100000, 0x0000000712100000|100%| E|CS|TAMS 0x0000000712000000, 0x0000000712000000| Complete 
| 249|0x0000000712100000, 0x0000000712200000, 0x0000000712200000|100%| E|CS|TAMS 0x0000000712100000, 0x0000000712100000| Complete 
| 250|0x0000000712200000, 0x0000000712300000, 0x0000000712300000|100%| E|CS|TAMS 0x0000000712200000, 0x0000000712200000| Complete 
| 251|0x0000000712300000, 0x0000000712400000, 0x0000000712400000|100%| E|CS|TAMS 0x0000000712300000, 0x0000000712300000| Complete 
| 252|0x0000000712400000, 0x0000000712500000, 0x0000000712500000|100%| E|CS|TAMS 0x0000000712400000, 0x0000000712400000| Complete 
| 253|0x0000000712500000, 0x0000000712600000, 0x0000000712600000|100%| E|CS|TAMS 0x0000000712500000, 0x0000000712500000| Complete 

Card table byte_map: [0x000001e1d61c0000,0x000001e1d69b0000] _byte_map_base: 0x000001e1d29ac000

Marking Bits (Prev, Next): (CMBitMap*) 0x000001e1c1d27b98, (CMBitMap*) 0x000001e1c1d27bd0
 Prev Bits: [0x000001e1d71a0000, 0x000001e1db100000)
 Next Bits: [0x000001e1db100000, 0x000001e1df060000)

Polling page: 0x000001e1c1b50000

Metaspace:

Usage:
  Non-class:     30.97 MB capacity,    30.30 MB ( 98%) used,   549.76 KB (  2%) free+waste,   134.56 KB ( <1%) overhead. 
      Class:      4.95 MB capacity,     4.52 MB ( 91%) used,   374.94 KB (  7%) free+waste,    65.63 KB (  1%) overhead. 
       Both:     35.92 MB capacity,    34.83 MB ( 97%) used,   924.70 KB (  3%) free+waste,   200.19 KB ( <1%) overhead. 

Virtual space:
  Non-class space:       36.00 MB reserved,      31.17 MB ( 87%) committed 
      Class space:        1.00 GB reserved,       5.00 MB ( <1%) committed 
             Both:        1.04 GB reserved,      36.17 MB (  3%) committed 

Chunk freelists:
   Non-Class:  13.00 KB
       Class:  0 bytes
        Both:  13.00 KB

CodeHeap 'non-profiled nmethods': size=120000Kb used=2372Kb max_used=2372Kb free=117627Kb
 bounds [0x000001e1cda30000, 0x000001e1cdca0000, 0x000001e1d4f60000]
CodeHeap 'profiled nmethods': size=120000Kb used=9401Kb max_used=9401Kb free=110599Kb
 bounds [0x000001e1c6500000, 0x000001e1c6e30000, 0x000001e1cda30000]
CodeHeap 'non-nmethods': size=5760Kb used=1172Kb max_used=1226Kb free=4587Kb
 bounds [0x000001e1c5f60000, 0x000001e1c61d0000, 0x000001e1c6500000]
 total_blobs=5467 nmethods=3946 adapters=415
 compilation: enabled
              stopped_count=0, restarted_count=0
 full_count=0

Compilation events (10 events):
Event: 12.817 Thread 0x000001e1e24ac000 3873       3       java.lang.invoke.MethodType::leadingReferenceParameter (30 bytes)
Event: 12.817 Thread 0x000001e1e24ac000 nmethod 3873 0x000001e1c6df8890 code [0x000001e1c6df8a60, 0x000001e1c6df8df0]
Event: 12.824 Thread 0x000001e1e24ac000 3874       3       java.lang.invoke.MethodHandleImpl$IntrinsicMethodHandle::<init> (20 bytes)
Event: 12.825 Thread 0x000001e1e24ac000 nmethod 3874 0x000001e1c6df8f90 code [0x000001e1c6df91a0, 0x000001e1c6df98a0]
Event: 12.837 Thread 0x000001e1e24ac000 3878       3       java.lang.reflect.Method::getGenericInfo (27 bytes)
Event: 12.838 Thread 0x000001e1e24ac000 nmethod 3878 0x000001e1c6df9a90 code [0x000001e1c6df9d20, 0x000001e1c6dfac40]
Event: 12.838 Thread 0x000001e1e24ac000 3880       3       org.springframework.core.MethodParameter::getGenericParameterType (147 bytes)
Event: 12.841 Thread 0x000001e1e24ac000 nmethod 3880 0x000001e1c6dfb110 code [0x000001e1c6dfb4c0, 0x000001e1c6dfd360]
Event: 12.841 Thread 0x000001e1e24ac000 3879       3       org.springframework.core.SerializableTypeWrapper$MethodParameterTypeProvider::<init> (59 bytes)
Event: 12.841 Thread 0x000001e1e24ac000 nmethod 3879 0x000001e1c6dfdb90 code [0x000001e1c6dfddc0, 0x000001e1c6dfe760]

GC Heap History (10 events):
Event: 1.033 GC heap before
{Heap before GC invocations=0 (full 0):
 garbage-first heap   total 260096K, used 24576K [0x0000000702800000, 0x0000000800000000)
  region size 1024K, 24 young (24576K), 0 survivors (0K)
 Metaspace       used 2855K, capacity 5615K, committed 5760K, reserved 1056768K
  class space    used 270K, capacity 550K, committed 640K, reserved 1048576K
}
Event: 1.043 GC heap after
{Heap after GC invocations=1 (full 0):
 garbage-first heap   total 260096K, used 6489K [0x0000000702800000, 0x0000000800000000)
  region size 1024K, 3 young (3072K), 3 survivors (3072K)
 Metaspace       used 2855K, capacity 5615K, committed 5760K, reserved 1056768K
  class space    used 270K, capacity 550K, committed 640K, reserved 1048576K
}
Event: 6.711 GC heap before
{Heap before GC invocations=1 (full 0):
 garbage-first heap   total 260096K, used 116057K [0x0000000702800000, 0x0000000800000000)
  region size 1024K, 111 young (113664K), 3 survivors (3072K)
 Metaspace       used 20511K, capacity 21137K, committed 21296K, reserved 1067008K
  class space    used 2609K, capacity 2887K, committed 2944K, reserved 1048576K
}
Event: 6.731 GC heap after
{Heap after GC invocations=2 (full 0):
 garbage-first heap   total 260096K, used 11545K [0x0000000702800000, 0x0000000800000000)
  region size 1024K, 8 young (8192K), 8 survivors (8192K)
 Metaspace       used 20511K, capacity 21137K, committed 21296K, reserved 1067008K
  class space    used 2609K, capacity 2887K, committed 2944K, reserved 1048576K
}
Event: 7.137 GC heap before
{Heap before GC invocations=3 (full 0):
 garbage-first heap   total 260096K, used 33049K [0x0000000702800000, 0x0000000800000000)
  region size 1024K, 29 young (29696K), 8 survivors (8192K)
 Metaspace       used 22107K, capacity 22855K, committed 23088K, reserved 1069056K
  class space    used 2826K, capacity 3117K, committed 3200K, reserved 1048576K
}
Event: 7.148 GC heap after
{Heap after GC invocations=4 (full 0):
 garbage-first heap   total 260096K, used 13940K [0x0000000702800000, 0x0000000800000000)
  region size 1024K, 3 young (3072K), 3 survivors (3072K)
 Metaspace       used 22107K, capacity 22855K, committed 23088K, reserved 1069056K
  class space    used 2826K, capacity 3117K, committed 3200K, reserved 1048576K
}
Event: 11.896 GC heap before
{Heap before GC invocations=4 (full 0):
 garbage-first heap   total 260096K, used 90740K [0x0000000702800000, 0x0000000800000000)
  region size 1024K, 75 young (76800K), 3 survivors (3072K)
 Metaspace       used 31295K, capacity 32266K, committed 32432K, reserved 1077248K
  class space    used 3952K, capacity 4341K, committed 4352K, reserved 1048576K
}
Event: 11.902 GC heap after
{Heap after GC invocations=5 (full 0):
 garbage-first heap   total 260096K, used 16821K [0x0000000702800000, 0x0000000800000000)
  region size 1024K, 6 young (6144K), 6 survivors (6144K)
 Metaspace       used 31295K, capacity 32266K, committed 32432K, reserved 1077248K
  class space    used 3952K, capacity 4341K, committed 4352K, reserved 1048576K
}
Event: 12.763 GC heap before
{Heap before GC invocations=5 (full 0):
 garbage-first heap   total 260096K, used 50613K [0x0000000702800000, 0x0000000800000000)
  region size 1024K, 40 young (40960K), 6 survivors (6144K)
 Metaspace       used 34749K, capacity 35824K, committed 35888K, reserved 1081344K
  class space    used 4508K, capacity 4946K, committed 4992K, reserved 1048576K
}
Event: 12.773 GC heap after
{Heap after GC invocations=6 (full 0):
 garbage-first heap   total 260096K, used 18523K [0x0000000702800000, 0x0000000800000000)
  region size 1024K, 7 young (7168K), 7 survivors (7168K)
 Metaspace       used 34749K, capacity 35824K, committed 35888K, reserved 1081344K
  class space    used 4508K, capacity 4946K, committed 4992K, reserved 1048576K
}

Deoptimization events (10 events):
Event: 12.622 Thread 0x000001e1c1cc0800 DEOPT PACKING pc=0x000001e1cdc50f88 sp=0x000000d1b23f8710
Event: 12.622 Thread 0x000001e1c1cc0800 DEOPT UNPACKING pc=0x000001e1c5f892af sp=0x000000d1b23f8658 mode 2
Event: 12.624 Thread 0x000001e1c1cc0800 Uncommon trap: trap_request=0xffffff4d fr.pc=0x000001e1cdbda4fc relative=0x00000000000001bc
Event: 12.624 Thread 0x000001e1c1cc0800 Uncommon trap: reason=unstable_if action=reinterpret pc=0x000001e1cdbda4fc method=org.springframework.beans.factory.support.AbstractAutowireCapableBeanFactory.determineTargetType(Ljava/lang/String;Lorg/springframework/beans/factory/support/RootBeanDefinit
Event: 12.624 Thread 0x000001e1c1cc0800 DEOPT PACKING pc=0x000001e1cdbda4fc sp=0x000000d1b23f8690
Event: 12.624 Thread 0x000001e1c1cc0800 DEOPT UNPACKING pc=0x000001e1c5f892af sp=0x000000d1b23f8648 mode 2
Event: 12.700 Thread 0x000001e1c1cc0800 Uncommon trap: trap_request=0xffffff4d fr.pc=0x000001e1cdc16644 relative=0x0000000000003ae4
Event: 12.700 Thread 0x000001e1c1cc0800 Uncommon trap: reason=unstable_if action=reinterpret pc=0x000001e1cdc16644 method=org.springframework.beans.factory.support.AbstractBeanFactory.isTypeMatch(Ljava/lang/String;Lorg/springframework/core/ResolvableType;Z)Z @ 72 c2
Event: 12.700 Thread 0x000001e1c1cc0800 DEOPT PACKING pc=0x000001e1cdc16644 sp=0x000000d1b23fe2d0
Event: 12.700 Thread 0x000001e1c1cc0800 DEOPT UNPACKING pc=0x000001e1c5f892af sp=0x000000d1b23fe318 mode 2

Classes redefined (0 events):
No events

Internal exceptions (10 events):
Event: 12.317 Thread 0x000001e1c1cc0800 Exception <a 'java/lang/ClassNotFoundException'{0x00000007117e51e8}: org/springframework/boot/autoconfigure/web/servlet/WebMvcAutoConfiguration$EnableWebMvcConfigurationCustomizer> (0x00000007117e51e8) thrown at [c:/BuildAgent/work/5ff2f6c26000d570/src/ho
Event: 12.320 Thread 0x000001e1c1cc0800 Exception <a 'java/lang/ClassNotFoundException'{0x0000000711604c10}: org/springframework/context/ResourceLoaderAwareCustomizer> (0x0000000711604c10) thrown at [c:/BuildAgent/work/5ff2f6c26000d570/src/hotspot/share/classfile/systemDictionary.cpp, line 231]
Event: 12.322 Thread 0x000001e1c1cc0800 Exception <a 'java/lang/ClassNotFoundException'{0x00000007116139e0}: org/springframework/beans/factory/AwareCustomizer> (0x00000007116139e0) thrown at [c:/BuildAgent/work/5ff2f6c26000d570/src/hotspot/share/classfile/systemDictionary.cpp, line 231]
Event: 12.323 Thread 0x000001e1c1cc0800 Exception <a 'java/lang/ClassNotFoundException'{0x0000000711623830}: org/springframework/context/ApplicationContextAwareCustomizer> (0x0000000711623830) thrown at [c:/BuildAgent/work/5ff2f6c26000d570/src/hotspot/share/classfile/systemDictionary.cpp, line 
Event: 12.324 Thread 0x000001e1c1cc0800 Exception <a 'java/lang/ClassNotFoundException'{0x0000000711632f90}: org/springframework/beans/factory/AwareCustomizer> (0x0000000711632f90) thrown at [c:/BuildAgent/work/5ff2f6c26000d570/src/hotspot/share/classfile/systemDictionary.cpp, line 231]
Event: 12.325 Thread 0x000001e1c1cc0800 Exception <a 'java/lang/ClassNotFoundException'{0x0000000711642db8}: org/springframework/web/context/ServletContextAwareCustomizer> (0x0000000711642db8) thrown at [c:/BuildAgent/work/5ff2f6c26000d570/src/hotspot/share/classfile/systemDictionary.cpp, line 
Event: 12.326 Thread 0x000001e1c1cc0800 Exception <a 'java/lang/ClassNotFoundException'{0x0000000711651ff0}: org/springframework/beans/factory/AwareCustomizer> (0x0000000711651ff0) thrown at [c:/BuildAgent/work/5ff2f6c26000d570/src/hotspot/share/classfile/systemDictionary.cpp, line 231]
Event: 12.571 Thread 0x000001e1c1cc0800 Exception <a 'java/lang/NoSuchMethodError'{0x0000000710c81428}: 'int java.lang.invoke.DirectMethodHandle$Holder.invokeStaticInit(java.lang.Object)'> (0x0000000710c81428) thrown at [c:/BuildAgent/work/5ff2f6c26000d570/src/hotspot/share/interpreter/linkReso
Event: 12.685 Thread 0x000001e1c1cc0800 Exception <a 'java/lang/NoSuchMethodError'{0x00000007107d9f00}: 'void java.lang.invoke.DirectMethodHandle$Holder.invokeVirtual(java.lang.Object, java.lang.Object, int)'> (0x00000007107d9f00) thrown at [c:/BuildAgent/work/5ff2f6c26000d570/src/hotspot/share
Event: 12.688 Thread 0x000001e1c1cc0800 Exception <a 'java/lang/NoSuchMethodError'{0x00000007107f3cf8}: 'void java.lang.invoke.DirectMethodHandle$Holder.invokeVirtual(java.lang.Object, java.lang.Object, long)'> (0x00000007107f3cf8) thrown at [c:/BuildAgent/work/5ff2f6c26000d570/src/hotspot/shar

Events (10 events):
Event: 12.833 loading class org/springframework/web/servlet/mvc/condition/AbstractRequestCondition
Event: 12.833 loading class org/springframework/web/servlet/mvc/condition/AbstractRequestCondition done
Event: 12.833 loading class org/springframework/web/servlet/mvc/condition/PatternsRequestCondition
Event: 12.833 loading class org/springframework/web/servlet/mvc/condition/PatternsRequestCondition done
Event: 12.834 loading class org/springframework/web/util/pattern/PathPattern
Event: 12.834 loading class org/springframework/web/util/pattern/PathPattern done
Event: 12.835 loading class org/springframework/http/server/PathContainer
Event: 12.835 loading class org/springframework/http/server/PathContainer done
Event: 12.835 loading class org/springframework/web/servlet/handler/MappedInterceptor
Event: 12.835 loading class org/springframework/web/servlet/handler/MappedInterceptor done


Dynamic libraries:
0x00007ff7eb240000 - 0x00007ff7eb287000 	C:\Program Files\JetBrains\IntelliJ IDEA Community Edition 2019.2.4\jbr\bin\java.exe
0x00007ff9a6390000 - 0x00007ff9a6585000 	C:\windows\SYSTEM32\ntdll.dll
0x00007ff9a45f0000 - 0x00007ff9a46ae000 	C:\windows\System32\KERNEL32.DLL
0x00007ff9a3ed0000 - 0x00007ff9a4199000 	C:\windows\System32\KERNELBASE.dll
0x00007ff9a4870000 - 0x00007ff9a4a11000 	C:\windows\System32\USER32.dll
0x00007ff9a4290000 - 0x00007ff9a42b2000 	C:\windows\System32\win32u.dll
0x00007ff9a4bd0000 - 0x00007ff9a4bfb000 	C:\windows\System32\GDI32.dll
0x00007ff9a3dc0000 - 0x00007ff9a3ecb000 	C:\windows\System32\gdi32full.dll
0x00007ff9a41f0000 - 0x00007ff9a428d000 	C:\windows\System32\msvcp_win.dll
0x00007ff9a3ab0000 - 0x00007ff9a3bb0000 	C:\windows\System32\ucrtbase.dll
0x00007ff98a4b0000 - 0x00007ff98a74a000 	C:\windows\WinSxS\amd64_microsoft.windows.common-controls_6595b64144ccf1df_6.0.19041.1110_none_60b5254171f9507e\COMCTL32.dll
0x00007ff9a5d80000 - 0x00007ff9a5e1e000 	C:\windows\System32\msvcrt.dll
0x00007ff9a43e0000 - 0x00007ff9a4410000 	C:\windows\System32\IMM32.DLL
0x000001e1c1af0000 - 0x000001e1c1b03000 	C:\windows\System32\umppc14304.dll
0x00007ff96ae00000 - 0x00007ff96aea4000 	C:\Program Files\McAfee\Endpoint Security\Threat Prevention\Ips\EpMPApi.dll
0x00007ff9a4cd0000 - 0x00007ff9a4dfa000 	C:\windows\System32\RPCRT4.dll
0x00007ff9a5cd0000 - 0x00007ff9a5d7c000 	C:\windows\System32\ADVAPI32.dll
0x00007ff9a4710000 - 0x00007ff9a47ab000 	C:\windows\System32\sechost.dll
0x00007ff9a4380000 - 0x00007ff9a43e0000 	C:\windows\System32\WINTRUST.dll
0x00007ff9a3bb0000 - 0x00007ff9a3d06000 	C:\windows\System32\CRYPT32.dll
0x00007ff9a3690000 - 0x00007ff9a36a2000 	C:\windows\SYSTEM32\MSASN1.dll
0x000000006b600000 - 0x000000006b60c000 	C:\Program Files\McAfee\Endpoint Security\Threat Prevention\Ips\EpMPThe.dll
0x00007ff96a960000 - 0x00007ff96a9b9000 	C:\Program Files\McAfee\Endpoint Security\Threat Prevention\Ips\HIPHandlers64.dll
0x00007ff9a5c70000 - 0x00007ff9a5cc5000 	C:\windows\System32\SHLWAPI.dll
0x00007ff9a0e60000 - 0x00007ff9a1044000 	C:\windows\SYSTEM32\dbghelp.dll
0x00007ff980e10000 - 0x00007ff980e27000 	C:\Program Files\JetBrains\IntelliJ IDEA Community Edition 2019.2.4\jbr\bin\vcruntime140.dll
0x00007ff9655c0000 - 0x00007ff96565d000 	C:\Program Files\JetBrains\IntelliJ IDEA Community Edition 2019.2.4\jbr\bin\msvcp140.dll
0x00007ff8eb060000 - 0x00007ff8ebb18000 	C:\Program Files\JetBrains\IntelliJ IDEA Community Edition 2019.2.4\jbr\bin\server\jvm.dll
0x00007ff9a4860000 - 0x00007ff9a4868000 	C:\windows\System32\PSAPI.DLL
0x00007ff97c9d0000 - 0x00007ff97c9d9000 	C:\windows\SYSTEM32\WSOCK32.dll
0x00007ff9a4f00000 - 0x00007ff9a4f6b000 	C:\windows\System32\WS2_32.dll
0x00007ff985650000 - 0x00007ff985677000 	C:\windows\SYSTEM32\WINMM.dll
0x00007ff99ca90000 - 0x00007ff99ca9a000 	C:\windows\SYSTEM32\VERSION.dll
0x00007ff9a1820000 - 0x00007ff9a1832000 	C:\windows\SYSTEM32\kernel.appcore.dll
0x00007ff972050000 - 0x00007ff972061000 	C:\Program Files\JetBrains\IntelliJ IDEA Community Edition 2019.2.4\jbr\bin\verify.dll
0x00007ff987060000 - 0x00007ff98708c000 	C:\windows\SYSTEM32\dbgcore.DLL
0x00007ff9a42f0000 - 0x00007ff9a4373000 	C:\windows\System32\bcryptPrimitives.dll
0x00007ff971a50000 - 0x00007ff971a79000 	C:\Program Files\JetBrains\IntelliJ IDEA Community Edition 2019.2.4\jbr\bin\java.dll
0x00007ff9729f0000 - 0x00007ff972a24000 	C:\Program Files\JetBrains\IntelliJ IDEA Community Edition 2019.2.4\jbr\bin\instrument.dll
0x00007ff971850000 - 0x00007ff971867000 	C:\Program Files\JetBrains\IntelliJ IDEA Community Edition 2019.2.4\jbr\bin\zip.dll
0x00007ff9807c0000 - 0x00007ff9807cb000 	C:\Program Files\JetBrains\IntelliJ IDEA Community Edition 2019.2.4\jbr\bin\jimage.dll
0x00007ff9a4f70000 - 0x00007ff9a56af000 	C:\windows\System32\SHELL32.dll
0x00007ff9a1a20000 - 0x00007ff9a21b0000 	C:\windows\SYSTEM32\windows.storage.dll
0x00007ff9a56b0000 - 0x00007ff9a5a05000 	C:\windows\System32\combase.dll
0x00007ff9a3420000 - 0x00007ff9a344c000 	C:\windows\SYSTEM32\Wldp.dll
0x00007ff9a62a0000 - 0x00007ff9a634d000 	C:\windows\System32\SHCORE.dll
0x00007ff9a39f0000 - 0x00007ff9a3a0f000 	C:\windows\SYSTEM32\profapi.dll
0x00007ff95d5a0000 - 0x00007ff95d5ba000 	C:\Program Files\JetBrains\IntelliJ IDEA Community Edition 2019.2.4\jbr\bin\net.dll
0x00007ff9a2ab0000 - 0x00007ff9a2bb8000 	C:\windows\SYSTEM32\WINHTTP.dll
0x00007ff98ccd0000 - 0x00007ff98cebb000 	C:\windows\SYSTEM32\urlmon.dll
0x00007ff98d280000 - 0x00007ff98d530000 	C:\windows\SYSTEM32\iertutil.dll
0x00007ff98cf70000 - 0x00007ff98cf98000 	C:\windows\SYSTEM32\srvcli.dll
0x00007ff9a2fd0000 - 0x00007ff9a2fdc000 	C:\windows\SYSTEM32\netutils.dll
0x00007ff9a3200000 - 0x00007ff9a326a000 	C:\windows\system32\mswsock.dll
0x00007ff95d560000 - 0x00007ff95d574000 	C:\Program Files\JetBrains\IntelliJ IDEA Community Edition 2019.2.4\jbr\bin\nio.dll
0x00007ff988300000 - 0x00007ff98831a000 	C:\Program Files\JetBrains\IntelliJ IDEA Community Edition 2019.2.4\bin\breakgen64.dll
0x00007ff9a2ec0000 - 0x00007ff9a2efb000 	C:\windows\SYSTEM32\IPHLPAPI.DLL
0x00007ff9a5bd0000 - 0x00007ff9a5bd8000 	C:\windows\System32\NSI.dll
0x00007ff99dd90000 - 0x00007ff99dda7000 	C:\windows\SYSTEM32\dhcpcsvc6.DLL
0x00007ff99dd70000 - 0x00007ff99dd8d000 	C:\windows\SYSTEM32\dhcpcsvc.DLL
0x00007ff9a2f00000 - 0x00007ff9a2fcc000 	C:\windows\SYSTEM32\DNSAPI.dll
0x00007ff993d20000 - 0x00007ff993d2a000 	C:\Windows\System32\rasadhlp.dll
0x00007ff99e060000 - 0x00007ff99e0df000 	C:\windows\System32\fwpuclnt.dll
0x00007ff9a42c0000 - 0x00007ff9a42e7000 	C:\windows\System32\bcrypt.dll
0x00007ff9800f0000 - 0x00007ff9800fa000 	C:\Program Files\JetBrains\IntelliJ IDEA Community Edition 2019.2.4\jbr\bin\management.dll
0x00007ff97f390000 - 0x00007ff97f39c000 	C:\Program Files\JetBrains\IntelliJ IDEA Community Edition 2019.2.4\jbr\bin\management_ext.dll
0x00007ff97af00000 - 0x00007ff97af17000 	C:\windows\system32\napinsp.dll
0x00007ff97aee0000 - 0x00007ff97aefb000 	C:\windows\system32\pnrpnsp.dll
0x00007ff99e180000 - 0x00007ff99e195000 	C:\windows\system32\wshbth.dll
0x00007ff9a09c0000 - 0x00007ff9a09dd000 	C:\windows\system32\NLAapi.dll
0x00007ff97aec0000 - 0x00007ff97aed2000 	C:\windows\System32\winrnr.dll
0x00007ff9a3460000 - 0x00007ff9a3478000 	C:\windows\SYSTEM32\CRYPTSP.dll
0x00007ff9a2a20000 - 0x00007ff9a2a54000 	C:\windows\system32\rsaenh.dll
0x00007ff9a39b0000 - 0x00007ff9a39de000 	C:\windows\SYSTEM32\USERENV.dll
0x00007ff9a3390000 - 0x00007ff9a339c000 	C:\windows\SYSTEM32\CRYPTBASE.dll

dbghelp: loaded successfully - version: 4.0.5 - missing functions: none
symbol engine: initialized successfully - sym options: 0x614 - pdb path: .;C:\Program Files\JetBrains\IntelliJ IDEA Community Edition 2019.2.4\jbr\bin;C:\windows\SYSTEM32;C:\windows\WinSxS\amd64_microsoft.windows.common-controls_6595b64144ccf1df_6.0.19041.1110_none_60b5254171f9507e;C:\Program Files\McAfee\Endpoint Security\Threat Prevention\Ips;C:\Program Files\JetBrains\IntelliJ IDEA Community Edition 2019.2.4\jbr\bin\server;C:\Program Files\JetBrains\IntelliJ IDEA Community Edition 2019.2.4\bin

VM Arguments:
jvm_args: -javaagent:C:\Program Files\JetBrains\IntelliJ IDEA Community Edition 2019.2.4\lib\idea_rt.jar=64103:C:\Program Files\JetBrains\IntelliJ IDEA Community Edition 2019.2.4\bin -Dfile.encoding=UTF-8 
java_command: com.ford.spring.cloud.config.server.CloudConfigServerApplication
java_class_path (initial): C:\workspace\cloud-config-server\target\classes;C:\Users\su244358\.m2\repository\org\springframework\cloud\spring-cloud-config-server\3.1.0-SNAPSHOT\spring-cloud-config-server-3.1.0-20211102.204941-234.jar;C:\Users\su244358\.m2\repository\org\springframework\cloud\spring-cloud-config-client\3.1.0-SNAPSHOT\spring-cloud-config-client-3.1.0-20211102.204916-241.jar;C:\Users\su244358\.m2\repository\org\springframework\boot\spring-boot-autoconfigure\2.6.0-SNAPSHOT\spring-boot-autoconfigure-2.6.0-20211102.142727-409.jar;C:\Users\su244358\.m2\repository\org\springframework\cloud\spring-cloud-commons\3.1.0-SNAPSHOT\spring-cloud-commons-3.1.0-20211102.191528-253.jar;C:\Users\su244358\.m2\repository\org\springframework\cloud\spring-cloud-context\3.1.0-SNAPSHOT\spring-cloud-context-3.1.0-20211102.191411-259.jar;C:\Users\su244358\.m2\repository\org\springframework\spring-web\5.3.12\spring-web-5.3.12.jar;C:\Users\su244358\.m2\repository\org\springframework\spring-beans\5.3.12\spring-beans-5.3.12.jar;C:\Users\su244358\.m2\repository\com\fasterxml\jackson\core\jackson-annotations\2.13.0\jackson-annotations-2.13.0.jar;C:\Users\su244358\.m2\repository\com\fasterxml\jackson\core\jackson-databind\2.13.0\jackson-databind-2.13.0.jar;C:\Users\su244358\.m2\repository\org\apache\httpcomponents\httpclient\4.5.13\httpclient-4.5.13.jar;C:\Users\su244358\.m2\repository\commons-codec\commons-codec\1.15\commons-codec-1.15.jar;C:\Users\su244358\.m2\repository\org\springframework\boot\spring-boot-starter-web\2.6.0-SNAPSHOT\spring-boot-starter-web-2.6.0-20211102.142727-409.jar;C:\Users\su244358\.m2\repository\org\springframework\boot\spring-boot-starter-json\2.6.0-SNAPSHOT\spring-boot-starter-json-2.6.0-20211102.142727-409.jar;C:\Users\su244358\.m2\repository\com\fasterxml\jackson\datatype\jackson-datatype-jdk8\2.13.0\jackson-datatype-jdk8-2.13.0.jar;C:\Users\su244358\.m2\repository\com\fasterxml\jackson\datatype\jackson-datatype-jsr310\2.13.0\jackson-datatype-jsr310-2.1
Launcher Type: SUN_STANDARD

[Global flags]
     intx CICompilerCount                          = 4                                         {product} {ergonomic}
     uint ConcGCThreads                            = 2                                         {product} {ergonomic}
     uint G1ConcRefinementThreads                  = 8                                         {product} {ergonomic}
   size_t G1HeapRegionSize                         = 1048576                                   {product} {ergonomic}
    uintx GCDrainStackTargetSize                   = 64                                        {product} {ergonomic}
   size_t InitialHeapSize                          = 266338304                                 {product} {ergonomic}
   size_t MarkStackSize                            = 4194304                                   {product} {ergonomic}
   size_t MaxHeapSize                              = 4253024256                                {product} {ergonomic}
   size_t MaxNewSize                               = 2551185408                                {product} {ergonomic}
   size_t MinHeapDeltaBytes                        = 1048576                                   {product} {ergonomic}
    uintx NonNMethodCodeHeapSize                   = 5835340                                {pd product} {ergonomic}
    uintx NonProfiledCodeHeapSize                  = 122911450                              {pd product} {ergonomic}
    uintx ProfiledCodeHeapSize                     = 122911450                              {pd product} {ergonomic}
    uintx ReservedCodeCacheSize                    = 251658240                              {pd product} {ergonomic}
     bool SegmentedCodeCache                       = true                                      {product} {ergonomic}
     bool UseCompressedClassPointers               = true                                 {lp64_product} {ergonomic}
     bool UseCompressedOops                        = true                                 {lp64_product} {ergonomic}
     bool UseG1GC                                  = true                                      {product} {ergonomic}
     bool UseLargePagesIndividualAllocation        = false                                  {pd product} {ergonomic}

Logging:
Log output configuration:
 #0: stdout all=warning uptime,level,tags
 #1: stderr all=off uptime,level,tags

Environment Variables:
PATH=C:\windows\system32;C:\windows;C:\windows\System32\Wbem;C:\windows\System32\WindowsPowerShell\v1.0\;C:\windows\System32\OpenSSH\;C:\Program Files (x86)\Pulse Secure\VC142.CRT\X64\;C:\Program Files (x86)\Pulse Secure\VC142.CRT\X86\;C:\Program Files\Oracle\OpenJDK 11.0.1\bin;C:\Program Files\nodejs\;C:\Program Files\Docker\Docker\resources\bin;C:\ProgramData\DockerDesktop\version-bin;C:\Users\su244358\AppData\Local\Microsoft\WindowsApps;C:\Users\su244358\AppData\Roaming\npm;C:\Program Files\JetBrains\IntelliJ IDEA Community Edition 2019.2.4\bin;C:\Users\su244358\AppData\Local\Programs\Git\cmd
USERNAME=SU244358
OS=Windows_NT
PROCESSOR_IDENTIFIER=Intel64 Family 6 Model 142 Stepping 12, GenuineIntel



---------------  S Y S T E M  ---------------

OS: Windows 10 , 64 bit Build 19041 (10.0.19041.1202)

CPU:total 8 (initial active 8) (4 cores per cpu, 2 threads per core) family 6 model 142 stepping 12, cmov, cx8, fxsr, mmx, sse, sse2, sse3, ssse3, sse4.1, sse4.2, popcnt, avx, avx2, aes, clmul, erms, 3dnowpref, lzcnt, ht, tsc, tscinvbit, bmi1, bmi2, adx, fma

Memory: 4k page, system-wide physical 16221M (637M free)
TotalPageFile size 36221M (AvailPageFile size 5M)
current process WorkingSet (physical memory assigned to process): 285M, peak: 288M
current process commit charge ("private bytes"): 439M, peak: 444M

vm_info: OpenJDK 64-Bit Server VM (11.0.4+10-b304.77) for windows-amd64 JRE (11.0.4+10-b304.77), built on Oct 10 2019 15:02:36 by "" with MS VC++ 14.0 (VS2015)

END.
